[07:42:23] [main/INFO]: Loading Minecraft 1.20.4 with Fabric Loader 0.16.3
[07:42:23] [ForkJoinPool-1-worker-3/WARN]: The mod "dungeons_arise" contains invalid entries in its mod json:
- Unsupported root entry "credits" at line 12 column 12
[07:42:23] [ForkJoinPool-1-worker-3/WARN]: Mod spellbound_weapons_mr uses the version 4.0.5m which isn't compatible with Loader's extended semantic version format (Could not parse version number component '5m'!), SemVer is recommended for reliably evaluating dependencies and prioritizing newer version
[07:42:23] [main/WARN]: Warnings were found!
 - Mod 'Expanded Ecosphere' (expanded_ecosphere) 3.3.1 conflicts with any version of mod 'William Wythers' Overhauled Overworld' (wwoo), which is present with the following versions: 2.3.1!
	 - While this won't prevent you from starting the game, the developer(s) of mod 'Expanded Ecosphere' (expanded_ecosphere) have found that this combination may cause issues. You should remove one of the mods or check for updates that resolve the issue.
[07:42:23] [main/INFO]: Loading 172 mods:
	- aabilites 0.1.9
	- architectury 11.1.17
	- areas 5.9
	- artifacts 10.0.11
	   |-- cardinal-components-base 5.4.0
	   |-- cardinal-components-entity 5.4.0
	   |-- expandability 10.0.1
	   \-- step-height-entity-attribute 1.2.0
	- attributefix 24.0.2
	- backpacked 3.0.0-beta.4
	   \-- mm 2.3
	- balm-fabric 9.0.9
	- bountifulfares 1.2.1-1.20.4
	   \-- terraform-wood-api-v1 9.0.0-beta.2
	- c2me 0.2.0+alpha.11.72
	   |-- c2me-base 0.2.0+alpha.11.72
	   |-- c2me-client-uncapvd 0.2.0+alpha.11.72
	   |-- c2me-fixes-chunkio-threading-issues 0.2.0+alpha.11.72
	   |-- c2me-fixes-general-threading-issues 0.2.0+alpha.11.72
	   |-- c2me-fixes-worldgen-threading-issues 0.2.0+alpha.11.72
	   |-- c2me-fixes-worldgen-vanilla-bugs 0.2.0+alpha.11.72
	   |-- c2me-notickvd 0.2.0+alpha.11.72
	   |-- c2me-opts-allocs 0.2.0+alpha.11.72
	   |-- c2me-opts-chunk-access 0.2.0+alpha.11.72
	   |-- c2me-opts-chunkio 0.2.0+alpha.11.72
	   |-- c2me-opts-math 0.2.0+alpha.11.72
	   |-- c2me-opts-scheduling 0.2.0+alpha.11.72
	   |-- c2me-opts-worldgen-general 0.2.0+alpha.11.72
	   |-- c2me-opts-worldgen-vanilla 0.2.0+alpha.11.72
	   |-- c2me-rewrites-chunk-serializer 0.2.0+alpha.11.72
	   |-- c2me-rewrites-chunkio 0.2.0+alpha.11.72
	   |-- c2me-server-utils 0.2.0+alpha.11.72
	   |-- c2me-threading-chunkio 0.2.0+alpha.11.72
	   |-- c2me-threading-lighting 0.2.0+alpha.11.72
	   |-- c2me-threading-worldgen 0.2.0+alpha.11.72
	   |-- com_ibm_async_asyncutil 0.1.0
	   |-- net_objecthunter_exp4j 0.4.8
	   \-- org_threadly_threadly 7.0
	- candymod 1.0.12
	- cloth-config 13.0.138
	   \-- cloth-basic-math 0.6.1
	- collective 7.64
	- craftingtweaks 20.0.3
	- cristellib 1.2.4
	   \-- blue_endless_jankson 1.2.3
	- debugify 1.20.4+1.1
	- default_skill_trees 1.0
	- dungeons_arise 2.1.58
	- dungeons_arise_seven_seas 1.0.2
	- emi 1.1.13+1.20.4+fabric
	- endrem 5.2.4
	- entityculling 1.6.6
	- esotericdistillation 1.20.1
	- expanded_ecosphere 3.3.1
	- expansiveravines 0.1
	- fabric-api 0.97.2+1.20.4
	   |-- fabric-api-base 0.4.37+78d798af4f
	   |-- fabric-api-lookup-api-v1 1.6.50+82b1bb3e4f
	   |-- fabric-biome-api-v1 13.0.17+78d798af4f
	   |-- fabric-block-api-v1 1.0.17+3e2216cb4f
	   |-- fabric-block-view-api-v2 1.0.5+78d798af4f
	   |-- fabric-blockrenderlayer-v1 1.1.47+78d798af4f
	   |-- fabric-client-tags-api-v1 1.1.8+78d798af4f
	   |-- fabric-command-api-v1 1.2.42+f71b366f4f
	   |-- fabric-command-api-v2 2.2.21+78d798af4f
	   |-- fabric-commands-v0 0.2.59+df3654b34f
	   |-- fabric-containers-v0 0.1.88+df3654b34f
	   |-- fabric-content-registries-v0 5.0.16+78d798af4f
	   |-- fabric-convention-tags-v1 1.5.11+78d798af4f
	   |-- fabric-crash-report-info-v1 0.2.24+78d798af4f
	   |-- fabric-data-attachment-api-v1 1.1.5+b90db5744f
	   |-- fabric-data-generation-api-v1 13.2.6+5c0133444f
	   |-- fabric-dimensions-v1 2.1.63+6605d1a84f
	   |-- fabric-entity-events-v1 1.6.2+09fc25014f
	   |-- fabric-events-interaction-v0 0.7.2+389931eb4f
	   |-- fabric-events-lifecycle-v0 0.2.75+df3654b34f
	   |-- fabric-game-rule-api-v1 1.0.47+78d798af4f
	   |-- fabric-item-api-v1 2.3.0+bcdd12964f
	   |-- fabric-item-group-api-v1 4.0.27+ee30b13a4f
	   |-- fabric-key-binding-api-v1 1.0.42+78d798af4f
	   |-- fabric-keybindings-v0 0.2.40+df3654b34f
	   |-- fabric-lifecycle-events-v1 2.3.1+a67ffb5d4f
	   |-- fabric-loot-api-v2 2.1.10+78d798af4f
	   |-- fabric-message-api-v1 6.0.6+78d798af4f
	   |-- fabric-mining-level-api-v1 2.1.66+78d798af4f
	   |-- fabric-model-loading-api-v1 1.0.9+78d798af4f
	   |-- fabric-models-v0 0.4.8+9386d8a74f
	   |-- fabric-networking-api-v1 3.1.9+6abb6a4b4f
	   |-- fabric-object-builder-api-v1 13.1.0+dba1195c4f
	   |-- fabric-particles-v1 1.1.8+78d798af4f
	   |-- fabric-recipe-api-v1 2.0.22+78d798af4f
	   |-- fabric-registry-sync-v0 4.0.21+ee30b13a4f
	   |-- fabric-renderer-api-v1 3.2.5+78d798af4f
	   |-- fabric-renderer-indigo 1.5.6+d331d3144f
	   |-- fabric-renderer-registries-v1 3.2.54+df3654b34f
	   |-- fabric-rendering-data-attachment-v1 0.3.43+73761d2e4f
	   |-- fabric-rendering-fluids-v1 3.1.2+e761c6694f
	   |-- fabric-rendering-v0 1.1.57+df3654b34f
	   |-- fabric-rendering-v1 3.2.1+6fd945a04f
	   |-- fabric-resource-conditions-api-v1 2.3.15+78d798af4f
	   |-- fabric-resource-loader-v0 0.11.21+ee30b13a4f
	   |-- fabric-screen-api-v1 2.0.18+78d798af4f
	   |-- fabric-screen-handler-api-v1 1.3.57+78d798af4f
	   |-- fabric-sound-api-v1 1.0.18+78d798af4f
	   |-- fabric-transfer-api-v1 4.0.12+90f2d7b14f
	   \-- fabric-transitive-access-wideners-v1 5.0.15+78d798af4f
	- fabricloader 0.16.3
	   \-- mixinextras 0.4.1
	- farmingforblockheads 16.0.1
	- ferritecore 6.0.3
	- firstperson 2.4.4
	- fishingparadise 1.1
	- forgeconfigapiport 20.4.3
	   |-- com_electronwill_night-config_core 3.6.6
	   \-- com_electronwill_night-config_toml 3.6.6
	- framework 0.7.8
	   |-- com_electronwill_night-config_core 3.6.6
	   |-- com_electronwill_night-config_toml 3.6.6
	   |-- org_javassist_javassist 3.29.2-GA
	   \-- org_reflections_reflections 0.10.2
	- frycmobvariants 4.4.2+1.20
	- geckolib 4.4.4
	   \-- com_eliotlash_mclib_mclib 20
	- global-datapack 1.4
	- itemfig 1.20.1-0.2.7-fabric
	- java 21
	- jeresources 1.5.1.9
	- justenoughbreeding 1.4.0
	- krypton 0.2.6
	   \-- com_velocitypowered_velocity-native 3.2.0-SNAPSHOT
	- lazydfu 0.1.3
	- leafmealone 1.0.1
	- lithium 0.12.1
	- lost-idols 1.0.0
	- medieval_buildings 1.0.1
	- medievalend 1.0.1
	- memoryleakfix 1.1.5
	- mermod 3.1.0
	- midnightlib 1.5.3
	- minecraft 1.20.4
	- mixintrace 1.1.1+1.17
	- modernfix 5.17.0+mc1.20.4
	- mr_crafting 1.20.4.1
	- mr_fairy_origin 2.0.1
	- mr_hostile_mobsimproveovertime 1.9.1
	- mr_progression_rebornvanilla 1.3.10
	- musuen 1.5.0+fabric_1.20.4
	   \-- reach-entity-attributes 2.5.0
	- noisium 2.3.0+mc1.20.2-1.20.4
	- notenoughcrashes 4.4.7+1.20.4
	- origins 1.13.0-alpha.4+mc.1.20.4
	   \-- apoli 2.12.0-alpha.6+mc.1.20.4
	        |-- additionalentityattributes 1.7.1+1.20.4
	        |-- calio 1.14.0-alpha.2+mc.1.20.4
	        |    |-- org_quiltmc_parsers_gson 0.2.1
	        |    \-- org_quiltmc_parsers_json 0.2.1
	        |-- cardinal-components-base 5.4.0
	        |-- cardinal-components-entity 5.4.0
	        \-- playerabilitylib 1.9.0
	- puffish_attributes 0.6.0
	- puffish_skills 0.13.2
	- queen-cats 1.0.6-1.20.2-Fabric
	- randomvillagenames 3.5
	- recycleiron 1.0.12
	- rw_additionalpaintings 1.2.0
	- scary-creepers 1.0.1
	- skinlayers3d 1.6.7
	- spellbinding 1.1-1.20.4
	- spellbound_weapons_mr 4.0.5m
	- starlight 1.1.3+fabric.f5dcd1a
	- starterkit 7.0
	- t_and_t 1.13.1
	- teatime 1.0.0
	- threadtweak 1.20.4-0.1.2
	- toomuchfood 0.1-1.20.4
	- trade_cycling 1.20.4-1.0.11
	   |-- fabric-key-binding-api-v1 1.0.39+f4b7e42432
	   \-- fabric-screen-api-v1 2.0.15+f6e85ac232
	- trinkets 3.8.1
	   |-- cardinal-components-base 5.4.0
	   \-- cardinal-components-entity 5.4.0
	- urlmusicdiscs 1.2.0
	   |-- com_google_code_gson_gson 2.10.1
	   \-- net_lingala_zip4j_zip4j 2.11.5
	- villagerfollows 1.1.6
	- wwoo 2.3.1
	- yet_another_config_lib_v3 3.5.0+1.20.4-fabric
	   |-- com_twelvemonkeys_common_common-image 3.10.0
	   |-- com_twelvemonkeys_common_common-io 3.10.0
	   |-- com_twelvemonkeys_common_common-lang 3.10.0
	   |-- com_twelvemonkeys_imageio_imageio-core 3.10.0
	   |-- com_twelvemonkeys_imageio_imageio-metadata 3.10.0
	   |-- com_twelvemonkeys_imageio_imageio-webp 3.10.0
	   |-- org_quiltmc_parsers_gson 0.2.1
	   \-- org_quiltmc_parsers_json 0.2.1
	- yosbr 0.1.2
[07:42:23] [main/INFO]: Applying default options... (YOSBR)
[07:42:23] [main/INFO]: SpongePowered MIXIN Subsystem Version=0.8.7 Source=file:/workspaces/JadeScapes/servidor_minecraft/libraries/net/fabricmc/sponge-mixin/0.15.2+mixin.0.8.7/sponge-mixin-0.15.2+mixin.0.8.7.jar Service=Knot/Fabric Env=SERVER
[07:42:23] [main/INFO]: Compatibility level set to JAVA_17
[07:42:24] [main/INFO]: Initializing com.ishland.c2me.base.mixin
[07:42:24] [main/INFO]: Global Executor Parallelism: 1 configured, 1 evaluated, 1 default evaluated
[07:42:24] [main/INFO]: Initializing com.ishland.c2me.fixes.chunkio.threading_issues.mixin
[07:42:24] [main/INFO]: Initializing com.ishland.c2me.fixes.general.threading_issues.mixin
[07:42:24] [main/INFO]: Initializing com.ishland.c2me.fixes.worldgen.threading_issues.mixin
[07:42:24] [main/INFO]: Initializing com.ishland.c2me.fixes.worldgen.vanilla_bugs.mixin
[07:42:24] [main/INFO]: Initializing com.ishland.c2me.notickvd.mixin
[07:42:24] [main/INFO]: Initializing com.ishland.c2me.opts.allocs.mixin
[07:42:24] [main/INFO]: Initializing com.ishland.c2me.opts.chunk_access.mixin
[07:42:24] [main/INFO]: Initializing com.ishland.c2me.opts.chunkio.mixin
[07:42:24] [main/INFO]: Initializing com.ishland.c2me.opts.math.mixin
[07:42:24] [main/INFO]: Initializing com.ishland.c2me.opts.scheduling.mixin
[07:42:24] [main/INFO]: Initializing com.ishland.c2me.opts.worldgen.general.mixin
[07:42:24] [main/INFO]: Initializing com.ishland.c2me.opts.worldgen.vanilla.mixin
[07:42:24] [main/INFO]: Initializing com.ishland.c2me.rewrites.chunk_serializer.mixin
[07:42:24] [main/INFO]: Disabling config ioSystem.gcFreeChunkSerializer: Incompatible with architectury@11.1.17 (*) (defined in c2me)
[07:42:24] [main/INFO]: Disabling com.ishland.c2me.rewrites.chunk_serializer.mixin
[07:42:24] [main/INFO]: Initializing com.ishland.c2me.rewrites.chunkio.mixin
[07:42:24] [main/INFO]: Disabling com.ishland.c2me.rewrites.chunkio.mixin
[07:42:24] [main/INFO]: Initializing com.ishland.c2me.server.utils.mixin
[07:42:24] [main/INFO]: Initializing com.ishland.c2me.threading.chunkio.mixin
[07:42:24] [main/INFO]: Initializing com.ishland.c2me.threading.lighting.mixin
[07:42:24] [main/INFO]: Initializing com.ishland.c2me.threading.worldgen.mixin
[07:42:24] [main/INFO]: Disabling com.ishland.c2me.threading.worldgen.mixin
[07:42:24] [main/WARN]: Reference map 'craftingtweaks.refmap.json' for craftingtweaks.mixins.json could not be read. If this is a development environment you can ignore this message
[07:42:24] [main/WARN]: Reference map 'craftingtweaks.refmap.json' for craftingtweaks.fabric.mixins.json could not be read. If this is a development environment you can ignore this message
[07:42:24] [main/WARN]: Reference map 'expanded_ecosphere-fabric-refmap.json' for wwoo.mixins.json could not be read. If this is a development environment you can ignore this message
[07:42:24] [main/WARN]: Reference map 'ForgeConfigAPIPort-Common-refmap.json' for forgeconfigapiport.common.mixins.json could not be read. If this is a development environment you can ignore this message
[07:42:24] [main/WARN]: Mod 'apoli' attempted to override option 'mixin.entity.collisions.suffocation', which doesn't exist, ignoring
[07:42:24] [main/WARN]: Mod 'c2me' attempted to override option 'mixin.world.player_chunk_tick', which doesn't exist, ignoring
[07:42:24] [main/INFO]: Loaded configuration file for Lithium: 129 options available, 1 override(s) found
[07:42:24] [main/WARN]: Reference map 'memoryleakfix-fabric-1.17+-fabric-refmap.json' for memoryleakfix-fabric.mixins.json could not be read. If this is a development environment you can ignore this message
[07:42:24] [main/INFO]: Loaded configuration file for ModernFix 5.17.0+mc1.20.4: 54 options available, 5 override(s) found
[07:42:24] [main/WARN]: Option 'mixin.bugfix.paper_chunk_patches' overriden (by mods [c2me]) to 'false'
[07:42:24] [main/WARN]: Option 'mixin.perf.cache_strongholds' overriden (by mods [c2me]) to 'false'
[07:42:24] [main/WARN]: Option 'mixin.perf.nbt_memory_usage' overriden (by mods [c2me]) to 'false'
[07:42:24] [main/WARN]: Option 'mixin.bugfix.chunk_deadlock' overriden (by mods [c2me]) to 'false'
[07:42:24] [main/WARN]: Option 'mixin.perf.thread_priorities' overriden (by mods [threadtweak]) to 'false'
[07:42:24] [main/INFO]: Applying Nashorn fix
[07:42:25] [main/WARN]: Error loading class: carpet/patches/EntityPlayerMPFake (java.lang.ClassNotFoundException: carpet/patches/EntityPlayerMPFake)
[07:42:25] [main/WARN]: Error loading class: ca/spottedleaf/starlight/common/thread/SchedulingUtil (java.lang.ClassNotFoundException: ca/spottedleaf/starlight/common/thread/SchedulingUtil)
[07:42:25] [main/WARN]: Error loading class: net/minecraft/class_906 (java.lang.ClassNotFoundException: net/minecraft/class_906)
[07:42:25] [main/WARN]: @Mixin target net.minecraft.class_906 was not found fishingparadise.mixins.json:FishingBobberRendererMixin from mod fishingparadise
[07:42:25] [main/WARN]: Force-disabling mixin 'alloc.blockstate.StateMixin' as rule 'mixin.alloc.blockstate' (added by mods [ferritecore]) disables it and children
[07:42:25] [main/WARN]: Error loading class: org/figuramc/figura/avatar/Avatar (java.lang.ClassNotFoundException: org/figuramc/figura/avatar/Avatar)
[07:42:25] [main/WARN]: @Mixin target org.figuramc.figura.avatar.Avatar was not found mermod.mixins.json:AvatarMixin from mod mermod
[07:42:25] [main/WARN]: Error loading class: net/coderbot/iris/Iris (java.lang.ClassNotFoundException: net/coderbot/iris/Iris)
[07:42:25] [main/WARN]: @Mixin target net.coderbot.iris.Iris was not found notenoughcrashes.fabric.mixins.json:iris.SilentNEC from mod notenoughcrashes
[07:42:25] [main/INFO]: [MemoryLeakFix] Will be applying 1 memory leak fixes!
[07:42:25] [main/INFO]: [MemoryLeakFix] Currently enabled memory leak fixes: [biomeTemperatureLeak]
[07:42:25] [main/INFO]: Initializing MixinExtras via com.llamalad7.mixinextras.service.MixinExtrasServiceImpl(version=0.4.1).
[07:42:25] [main/INFO]: ThreadTweak config initialized
[07:42:28] [main/INFO]: Injecting BlockStateBase cache population hook into getOpacityIfCached from ca.spottedleaf.starlight.mixin.common.blockstate.BlockStateBaseMixin
[07:42:28] [main/INFO]: Injecting BlockStateBase cache population hook into lithium$getAllFlags from me.jellysquid.mods.lithium.mixin.util.block_tracking.AbstractBlockStateMixin
[07:42:28] [main/INFO]: Injecting BlockStateBase cache population hook into getNeighborPathNodeType from me.jellysquid.mods.lithium.mixin.ai.pathing.AbstractBlockStateMixin
[07:42:28] [main/INFO]: Injecting BlockStateBase cache population hook into getPathNodeType from me.jellysquid.mods.lithium.mixin.ai.pathing.AbstractBlockStateMixin
[07:42:28] [main/INFO]: Injecting BlockStateBase cache population hook into isConditionallyFullOpaque from ca.spottedleaf.starlight.mixin.common.blockstate.BlockStateBaseMixin
[07:42:29] [main/WARN]: Method overwrite conflict for method_21740 in modernfix-common.mixins.json:perf.remove_biome_temperature_cache.BiomeMixin from mod modernfix, previously written by me.jellysquid.mods.lithium.mixin.world.temperature_cache.BiomeMixin. Skipping method.
[07:42:31] [main/INFO]: Vanilla bootstrap took 5310 milliseconds
[07:42:32] [main/INFO]: [STDOUT]: All 12 have been set properly
[07:42:32] [main/INFO]: Apoli 2.12.0 has initialized. Ready to power up your game!
[07:42:32] [main/INFO]: [Collective] JSON file 'area_names.json' generation requested by mod 'areas'.
[07:42:32] [main/INFO]: Registering C2S receiver with id artifacts:networking_channel/42a7ad70b1cc371599a0eff744096b8a
[07:42:32] [main/INFO]: Registering C2S receiver with id artifacts:networking_channel/74a5e841822a3a87854ae896a33430d6
[07:42:32] [main/INFO]: Registering C2S receiver with id artifacts:networking_channel/eb3d1e2748533430848cadf0f37c7e9c
[07:42:32] [main/INFO]: Registering C2S receiver with id artifacts:networking_channel/91c8520f19f93b3e8b6a727568e194ab
[07:42:32] [main/INFO]: Registering C2S receiver with id artifacts:networking_channel/8c2784d778293fd482ed84b8aa5fedb9
[07:42:32] [main/INFO]: Registering C2S receiver with id artifacts:networking_channel/ea038224ea783d40b2863f52239e2604
[07:42:32] [main/INFO]: Registering C2S receiver with id artifacts:networking_channel/97ad64b7ecaf33209991c4f031501a58
[07:42:32] [main/INFO]: Running compat handler for Origins
[07:42:32] [main/INFO]: Reflections took 71 ms to scan 1 urls, producing 3 keys and 33 values
[07:42:32] [main/INFO]: Registered synced data key backpacked:unlock_tracker for minecraft:player
[07:42:32] [main/INFO]: Registered synced data key backpacked:trader_pickpocketing for minecraft:wandering_trader
[07:42:33] [main/INFO]: Loading Collective version 7.64.
[07:42:33] [main/INFO]: Enabled 33 bug fixes: [MC-2025, MC-7569, MC-8187, MC-14923, MC-30391, MC-31819, MC-69216, MC-72151, MC-88371, MC-89146, MC-93018, MC-100991, MC-119417, MC-119754, MC-121706, MC-121903, MC-124117, MC-129909, MC-132878, MC-135971, MC-155509, MC-160095, MC-179072, MC-183990, MC-193343, MC-199467, MC-200418, MC-206922, MC-215530, MC-223153, MC-224729, MC-231743, MC-232869]
[07:42:33] [main/INFO]: Successfully Debugify'd your game!
[07:42:33] [main/INFO]: Hello Fabric world!
[07:42:33] [main/INFO]: Starting Esoteric Distillation...
[07:42:33] [main/INFO]: ExpandAbility here, who dis?
[07:42:33] [main/INFO]: Loading Expanded Ecosphere
[07:42:33] [main/WARN]: [Expanded Ecosphere Updater] This version doesn't have an update index, skipping
[07:42:34] [main/INFO]: Registering Item Groups for fishingparadise
[07:42:34] [main/INFO]: Registering Mod Items for fishingparadise
[07:42:34] [main/INFO]: Initialized GlobalDatapack
[07:42:34] [main/INFO]: ItemFig getting up!
[07:42:34] [main/INFO]: Compression will use libdeflate (Linux x86_64), encryption will use OpenSSL 1.1.x (Linux x86_64)
[07:42:34] [main/INFO]: Definitely not up to no good
[07:42:34] [main/INFO]: Loading Noisium.
[07:42:34] [main/INFO]: Origins 1.13.0 is initializing. Have fun!
[07:42:34] [main/INFO]: Registering Mod Items for queencats
[07:42:34] [main/INFO]: Initializing RwAdditionalpaintingsMod
[07:42:34] [main/INFO]: Spellbinding Initialized!
[07:42:34] [main/INFO]: Registering Mod Items for teatime
[07:42:34] [main/INFO]: Registering ModBlocks for teatime
[07:42:34] [main/INFO]: Registering Villagers teatime
[07:42:34] [main/INFO]: Registering Block Entities for teatime
[07:42:34] [main/INFO]: Registering Screen Handlers for teatime
[07:42:34] [main/INFO]: Registering Mod Items for toomuchfood
[07:42:34] [main/INFO]: Krypton is now accelerating your Minecraft server's networking stack 🚀
[07:42:34] [main/ERROR]: Pack for WWOO LOL is null
[07:42:34] [main/ERROR]: Pack for WWOO LOL is null
[07:42:34] [main/INFO]: Environment: Environment[sessionHost=https://sessionserver.mojang.com, servicesHost=https://api.minecraftservices.com, name=PROD]
[07:42:34] [main/INFO]: Bypassed Mojang DFU
[07:42:34] [main/WARN]: @Inject(@At("INVOKE_ASSIGN")) Shift.BY=1 on backpacked.common.mixins.json:common.ServerPlayerGameModeMixin from mod backpacked::handler$zho000$backpacked$OnBlockMined exceeds the maximum allowed value: 0. Increase the value of maxShiftBy to suppress this warning.
[07:42:34] [main/ERROR]: Pack for WWOO LOL is null
[07:42:34] [main/INFO]: Found new data pack additionalentityattributes, loading it automatically
[07:42:34] [main/INFO]: Found new data pack apoli, loading it automatically
[07:42:34] [main/INFO]: Found new data pack artifacts, loading it automatically
[07:42:34] [main/INFO]: Found new data pack backpacked, loading it automatically
[07:42:34] [main/INFO]: Found new data pack balm-fabric, loading it automatically
[07:42:34] [main/INFO]: Found new data pack bountifulfares, loading it automatically
[07:42:34] [main/INFO]: Found new data pack candymod, loading it automatically
[07:42:34] [main/INFO]: Found new data pack collective, loading it automatically
[07:42:34] [main/INFO]: Found new data pack craftingtweaks, loading it automatically
[07:42:34] [main/INFO]: Found new data pack default_skill_trees, loading it automatically
[07:42:34] [main/INFO]: Found new data pack dungeons_arise, loading it automatically
[07:42:34] [main/INFO]: Found new data pack dungeons_arise_seven_seas, loading it automatically
[07:42:34] [main/INFO]: Found new data pack endrem, loading it automatically
[07:42:34] [main/INFO]: Found new data pack expanded_ecosphere, loading it automatically
[07:42:34] [main/INFO]: Found new data pack fabric, loading it automatically
[07:42:34] [main/INFO]: Found new data pack fabric-convention-tags-v1, loading it automatically
[07:42:34] [main/INFO]: Found new data pack farmingforblockheads, loading it automatically
[07:42:34] [main/INFO]: Found new data pack fishingparadise, loading it automatically
[07:42:34] [main/INFO]: Found new data pack frycmobvariants, loading it automatically
[07:42:34] [main/INFO]: Found new data pack lost-idols, loading it automatically
[07:42:34] [main/INFO]: Found new data pack medieval_buildings, loading it automatically
[07:42:34] [main/INFO]: Found new data pack medievalend, loading it automatically
[07:42:34] [main/INFO]: Found new data pack mermod, loading it automatically
[07:42:34] [main/INFO]: Found new data pack mr_crafting, loading it automatically
[07:42:34] [main/INFO]: Found new data pack mr_fairy_origin, loading it automatically
[07:42:34] [main/INFO]: Found new data pack mr_hostile_mobsimproveovertime, loading it automatically
[07:42:34] [main/INFO]: Found new data pack mr_progression_rebornvanilla, loading it automatically
[07:42:34] [main/INFO]: Found new data pack musuen, loading it automatically
[07:42:34] [main/INFO]: Found new data pack origins, loading it automatically
[07:42:34] [main/INFO]: Found new data pack puffish_attributes, loading it automatically
[07:42:34] [main/INFO]: Found new data pack queen-cats, loading it automatically
[07:42:34] [main/INFO]: Found new data pack recycleiron, loading it automatically
[07:42:34] [main/INFO]: Found new data pack resources/ee_default_resources/ee_default, loading it automatically
[07:42:34] [main/INFO]: Found new data pack resources/ee_remove_blobs_resources/ee_remove_blobs, loading it automatically
[07:42:34] [main/INFO]: Found new data pack rw_additionalpaintings, loading it automatically
[07:42:34] [main/INFO]: Found new data pack spellbound_weapons_mr, loading it automatically
[07:42:34] [main/INFO]: Found new data pack t_and_t, loading it automatically
[07:42:34] [main/INFO]: Found new data pack teatime, loading it automatically
[07:42:34] [main/INFO]: Found new data pack toomuchfood, loading it automatically
[07:42:34] [main/INFO]: Found new data pack trinkets, loading it automatically
[07:42:34] [main/INFO]: Found new data pack urlmusicdiscs, loading it automatically
[07:42:34] [main/INFO]: Found new data pack wwoo, loading it automatically
[07:42:36] [main/INFO]: No existing world data, creating new world
[07:42:37] [Worker-Main-1/ERROR]: Couldn't load tag hostilemobs:empties as it is missing following references: minecraft:grass (from mr_hostile_mobsimproveovertime)
[07:42:38] [main/ERROR]: Parsing error loading recipe progression_reborn:rose_leggings
com.google.gson.JsonParseException: Item must not be minecraft:air; Map entry '0' : No key tag in MapLike[{"item":"progression_reborn:rose_ingot"}]; Item must not be minecraft:air; Not a json array: {"item":"progression_reborn:rose_ingot"}; Input does not contain a key [fabric:type]: MapLike[{"item":"progression_reborn:rose_ingot"}]
	at net.minecraft.class_156.method_47526(class_156.java:1005) ~[server-intermediary.jar:?]
	at net.minecraft.class_1863.method_17720(class_1863.java:131) ~[server-intermediary.jar:?]
	at net.minecraft.class_1863.method_20705(class_1863.java:56) ~[server-intermediary.jar:?]
	at net.minecraft.class_1863.method_18788(class_1863.java:35) ~[server-intermediary.jar:?]
	at net.minecraft.class_4080.method_18790(class_4080.java:13) ~[server-intermediary.jar:?]
	at java.util.concurrent.CompletableFuture$UniAccept.tryFire(CompletableFuture.java:718) ~[?:?]
	at java.util.concurrent.CompletableFuture$Completion.run(CompletableFuture.java:482) ~[?:?]
	at net.minecraft.class_4014.method_18365(class_4014.java:69) ~[server-intermediary.jar:?]
	at net.minecraft.class_156.method_43498(class_156.java:944) ~[server-intermediary.jar:?]
	at net.minecraft.class_156.method_43499(class_156.java:932) ~[server-intermediary.jar:?]
	at net.minecraft.server.Main.main(Main.java:178) ~[server-intermediary.jar:?]
	at net.fabricmc.loader.impl.game.minecraft.MinecraftGameProvider.launch(MinecraftGameProvider.java:480) ~[fabric-loader-0.16.3.jar:?]
	at net.fabricmc.loader.impl.launch.knot.Knot.launch(Knot.java:74) ~[fabric-loader-0.16.3.jar:?]
	at net.fabricmc.loader.impl.launch.knot.KnotServer.main(KnotServer.java:23) ~[fabric-loader-0.16.3.jar:?]
	at net.fabricmc.loader.impl.launch.server.FabricServerLauncher.main(FabricServerLauncher.java:69) ~[fabric-loader-0.16.3.jar:?]
	at net.fabricmc.installer.ServerLauncher.main(ServerLauncher.java:69) ~[fabric-server-launch.jar:1.0.1]
[07:42:38] [main/ERROR]: Parsing error loading recipe candymod:taffy_recipe
com.google.gson.JsonParseException: No key tag in MapLike[{"item":"bakingmod:salt"}]; Item must not be minecraft:air; Not a json array: {"item":"bakingmod:salt"}; Input does not contain a key [fabric:type]: MapLike[{"item":"bakingmod:salt"}]
	at net.minecraft.class_156.method_47526(class_156.java:1005) ~[server-intermediary.jar:?]
	at net.minecraft.class_1863.method_17720(class_1863.java:131) ~[server-intermediary.jar:?]
	at net.minecraft.class_1863.method_20705(class_1863.java:56) ~[server-intermediary.jar:?]
	at net.minecraft.class_1863.method_18788(class_1863.java:35) ~[server-intermediary.jar:?]
	at net.minecraft.class_4080.method_18790(class_4080.java:13) ~[server-intermediary.jar:?]
	at java.util.concurrent.CompletableFuture$UniAccept.tryFire(CompletableFuture.java:718) ~[?:?]
	at java.util.concurrent.CompletableFuture$Completion.run(CompletableFuture.java:482) ~[?:?]
	at net.minecraft.class_4014.method_18365(class_4014.java:69) ~[server-intermediary.jar:?]
	at net.minecraft.class_156.method_43498(class_156.java:944) ~[server-intermediary.jar:?]
	at net.minecraft.class_156.method_43499(class_156.java:932) ~[server-intermediary.jar:?]
	at net.minecraft.server.Main.main(Main.java:178) ~[server-intermediary.jar:?]
	at net.fabricmc.loader.impl.game.minecraft.MinecraftGameProvider.launch(MinecraftGameProvider.java:480) ~[fabric-loader-0.16.3.jar:?]
	at net.fabricmc.loader.impl.launch.knot.Knot.launch(Knot.java:74) ~[fabric-loader-0.16.3.jar:?]
	at net.fabricmc.loader.impl.launch.knot.KnotServer.main(KnotServer.java:23) ~[fabric-loader-0.16.3.jar:?]
	at net.fabricmc.loader.impl.launch.server.FabricServerLauncher.main(FabricServerLauncher.java:69) ~[fabric-loader-0.16.3.jar:?]
	at net.fabricmc.installer.ServerLauncher.main(ServerLauncher.java:69) ~[fabric-server-launch.jar:1.0.1]
[07:42:38] [main/ERROR]: Parsing error loading recipe progression_reborn:rose_boots
com.google.gson.JsonParseException: Item must not be minecraft:air; Map entry '0' : No key tag in MapLike[{"item":"progression_reborn:rose_ingot"}]; Item must not be minecraft:air; Not a json array: {"item":"progression_reborn:rose_ingot"}; Input does not contain a key [fabric:type]: MapLike[{"item":"progression_reborn:rose_ingot"}]
	at net.minecraft.class_156.method_47526(class_156.java:1005) ~[server-intermediary.jar:?]
	at net.minecraft.class_1863.method_17720(class_1863.java:131) ~[server-intermediary.jar:?]
	at net.minecraft.class_1863.method_20705(class_1863.java:56) ~[server-intermediary.jar:?]
	at net.minecraft.class_1863.method_18788(class_1863.java:35) ~[server-intermediary.jar:?]
	at net.minecraft.class_4080.method_18790(class_4080.java:13) ~[server-intermediary.jar:?]
	at java.util.concurrent.CompletableFuture$UniAccept.tryFire(CompletableFuture.java:718) ~[?:?]
	at java.util.concurrent.CompletableFuture$Completion.run(CompletableFuture.java:482) ~[?:?]
	at net.minecraft.class_4014.method_18365(class_4014.java:69) ~[server-intermediary.jar:?]
	at net.minecraft.class_156.method_43498(class_156.java:944) ~[server-intermediary.jar:?]
	at net.minecraft.class_156.method_43499(class_156.java:932) ~[server-intermediary.jar:?]
	at net.minecraft.server.Main.main(Main.java:178) ~[server-intermediary.jar:?]
	at net.fabricmc.loader.impl.game.minecraft.MinecraftGameProvider.launch(MinecraftGameProvider.java:480) ~[fabric-loader-0.16.3.jar:?]
	at net.fabricmc.loader.impl.launch.knot.Knot.launch(Knot.java:74) ~[fabric-loader-0.16.3.jar:?]
	at net.fabricmc.loader.impl.launch.knot.KnotServer.main(KnotServer.java:23) ~[fabric-loader-0.16.3.jar:?]
	at net.fabricmc.loader.impl.launch.server.FabricServerLauncher.main(FabricServerLauncher.java:69) ~[fabric-loader-0.16.3.jar:?]
	at net.fabricmc.installer.ServerLauncher.main(ServerLauncher.java:69) ~[fabric-server-launch.jar:1.0.1]
[07:42:38] [main/ERROR]: Parsing error loading recipe progression_reborn_knives:iron_knife_crafting
com.google.gson.JsonParseException: Item must not be minecraft:air
	at net.minecraft.class_156.method_47526(class_156.java:1005) ~[server-intermediary.jar:?]
	at net.minecraft.class_1863.method_17720(class_1863.java:131) ~[server-intermediary.jar:?]
	at net.minecraft.class_1863.method_20705(class_1863.java:56) ~[server-intermediary.jar:?]
	at net.minecraft.class_1863.method_18788(class_1863.java:35) ~[server-intermediary.jar:?]
	at net.minecraft.class_4080.method_18790(class_4080.java:13) ~[server-intermediary.jar:?]
	at java.util.concurrent.CompletableFuture$UniAccept.tryFire(CompletableFuture.java:718) ~[?:?]
	at java.util.concurrent.CompletableFuture$Completion.run(CompletableFuture.java:482) ~[?:?]
	at net.minecraft.class_4014.method_18365(class_4014.java:69) ~[server-intermediary.jar:?]
	at net.minecraft.class_156.method_43498(class_156.java:944) ~[server-intermediary.jar:?]
	at net.minecraft.class_156.method_43499(class_156.java:932) ~[server-intermediary.jar:?]
	at net.minecraft.server.Main.main(Main.java:178) ~[server-intermediary.jar:?]
	at net.fabricmc.loader.impl.game.minecraft.MinecraftGameProvider.launch(MinecraftGameProvider.java:480) ~[fabric-loader-0.16.3.jar:?]
	at net.fabricmc.loader.impl.launch.knot.Knot.launch(Knot.java:74) ~[fabric-loader-0.16.3.jar:?]
	at net.fabricmc.loader.impl.launch.knot.KnotServer.main(KnotServer.java:23) ~[fabric-loader-0.16.3.jar:?]
	at net.fabricmc.loader.impl.launch.server.FabricServerLauncher.main(FabricServerLauncher.java:69) ~[fabric-loader-0.16.3.jar:?]
	at net.fabricmc.installer.ServerLauncher.main(ServerLauncher.java:69) ~[fabric-server-launch.jar:1.0.1]
[07:42:38] [main/ERROR]: Parsing error loading recipe progression_reborn:rose_helmet
com.google.gson.JsonParseException: Item must not be minecraft:air; Map entry '0' : No key tag in MapLike[{"item":"progression_reborn:rose_ingot"}]; Item must not be minecraft:air; Not a json array: {"item":"progression_reborn:rose_ingot"}; Input does not contain a key [fabric:type]: MapLike[{"item":"progression_reborn:rose_ingot"}]
	at net.minecraft.class_156.method_47526(class_156.java:1005) ~[server-intermediary.jar:?]
	at net.minecraft.class_1863.method_17720(class_1863.java:131) ~[server-intermediary.jar:?]
	at net.minecraft.class_1863.method_20705(class_1863.java:56) ~[server-intermediary.jar:?]
	at net.minecraft.class_1863.method_18788(class_1863.java:35) ~[server-intermediary.jar:?]
	at net.minecraft.class_4080.method_18790(class_4080.java:13) ~[server-intermediary.jar:?]
	at java.util.concurrent.CompletableFuture$UniAccept.tryFire(CompletableFuture.java:718) ~[?:?]
	at java.util.concurrent.CompletableFuture$Completion.run(CompletableFuture.java:482) ~[?:?]
	at net.minecraft.class_4014.method_18365(class_4014.java:69) ~[server-intermediary.jar:?]
	at net.minecraft.class_156.method_43498(class_156.java:944) ~[server-intermediary.jar:?]
	at net.minecraft.class_156.method_43499(class_156.java:932) ~[server-intermediary.jar:?]
	at net.minecraft.server.Main.main(Main.java:178) ~[server-intermediary.jar:?]
	at net.fabricmc.loader.impl.game.minecraft.MinecraftGameProvider.launch(MinecraftGameProvider.java:480) ~[fabric-loader-0.16.3.jar:?]
	at net.fabricmc.loader.impl.launch.knot.Knot.launch(Knot.java:74) ~[fabric-loader-0.16.3.jar:?]
	at net.fabricmc.loader.impl.launch.knot.KnotServer.main(KnotServer.java:23) ~[fabric-loader-0.16.3.jar:?]
	at net.fabricmc.loader.impl.launch.server.FabricServerLauncher.main(FabricServerLauncher.java:69) ~[fabric-loader-0.16.3.jar:?]
	at net.fabricmc.installer.ServerLauncher.main(ServerLauncher.java:69) ~[fabric-server-launch.jar:1.0.1]
[07:42:38] [main/ERROR]: Parsing error loading recipe progression_reborn:rose_hoe
com.google.gson.JsonParseException: Item must not be minecraft:air; Map entry 'A' : No key tag in MapLike[{"item":"progression_reborn:rose_ingot"}]; Item must not be minecraft:air; Not a json array: {"item":"progression_reborn:rose_ingot"}; Input does not contain a key [fabric:type]: MapLike[{"item":"progression_reborn:rose_ingot"}]
	at net.minecraft.class_156.method_47526(class_156.java:1005) ~[server-intermediary.jar:?]
	at net.minecraft.class_1863.method_17720(class_1863.java:131) ~[server-intermediary.jar:?]
	at net.minecraft.class_1863.method_20705(class_1863.java:56) ~[server-intermediary.jar:?]
	at net.minecraft.class_1863.method_18788(class_1863.java:35) ~[server-intermediary.jar:?]
	at net.minecraft.class_4080.method_18790(class_4080.java:13) ~[server-intermediary.jar:?]
	at java.util.concurrent.CompletableFuture$UniAccept.tryFire(CompletableFuture.java:718) ~[?:?]
	at java.util.concurrent.CompletableFuture$Completion.run(CompletableFuture.java:482) ~[?:?]
	at net.minecraft.class_4014.method_18365(class_4014.java:69) ~[server-intermediary.jar:?]
	at net.minecraft.class_156.method_43498(class_156.java:944) ~[server-intermediary.jar:?]
	at net.minecraft.class_156.method_43499(class_156.java:932) ~[server-intermediary.jar:?]
	at net.minecraft.server.Main.main(Main.java:178) ~[server-intermediary.jar:?]
	at net.fabricmc.loader.impl.game.minecraft.MinecraftGameProvider.launch(MinecraftGameProvider.java:480) ~[fabric-loader-0.16.3.jar:?]
	at net.fabricmc.loader.impl.launch.knot.Knot.launch(Knot.java:74) ~[fabric-loader-0.16.3.jar:?]
	at net.fabricmc.loader.impl.launch.knot.KnotServer.main(KnotServer.java:23) ~[fabric-loader-0.16.3.jar:?]
	at net.fabricmc.loader.impl.launch.server.FabricServerLauncher.main(FabricServerLauncher.java:69) ~[fabric-loader-0.16.3.jar:?]
	at net.fabricmc.installer.ServerLauncher.main(ServerLauncher.java:69) ~[fabric-server-launch.jar:1.0.1]
[07:42:38] [main/ERROR]: Parsing error loading recipe progression_reborn:rose_pickaxe
com.google.gson.JsonParseException: Item must not be minecraft:air; Map entry 'A' : No key tag in MapLike[{"item":"progression_reborn:rose_ingot"}]; Item must not be minecraft:air; Not a json array: {"item":"progression_reborn:rose_ingot"}; Input does not contain a key [fabric:type]: MapLike[{"item":"progression_reborn:rose_ingot"}]
	at net.minecraft.class_156.method_47526(class_156.java:1005) ~[server-intermediary.jar:?]
	at net.minecraft.class_1863.method_17720(class_1863.java:131) ~[server-intermediary.jar:?]
	at net.minecraft.class_1863.method_20705(class_1863.java:56) ~[server-intermediary.jar:?]
	at net.minecraft.class_1863.method_18788(class_1863.java:35) ~[server-intermediary.jar:?]
	at net.minecraft.class_4080.method_18790(class_4080.java:13) ~[server-intermediary.jar:?]
	at java.util.concurrent.CompletableFuture$UniAccept.tryFire(CompletableFuture.java:718) ~[?:?]
	at java.util.concurrent.CompletableFuture$Completion.run(CompletableFuture.java:482) ~[?:?]
	at net.minecraft.class_4014.method_18365(class_4014.java:69) ~[server-intermediary.jar:?]
	at net.minecraft.class_156.method_43498(class_156.java:944) ~[server-intermediary.jar:?]
	at net.minecraft.class_156.method_43499(class_156.java:932) ~[server-intermediary.jar:?]
	at net.minecraft.server.Main.main(Main.java:178) ~[server-intermediary.jar:?]
	at net.fabricmc.loader.impl.game.minecraft.MinecraftGameProvider.launch(MinecraftGameProvider.java:480) ~[fabric-loader-0.16.3.jar:?]
	at net.fabricmc.loader.impl.launch.knot.Knot.launch(Knot.java:74) ~[fabric-loader-0.16.3.jar:?]
	at net.fabricmc.loader.impl.launch.knot.KnotServer.main(KnotServer.java:23) ~[fabric-loader-0.16.3.jar:?]
	at net.fabricmc.loader.impl.launch.server.FabricServerLauncher.main(FabricServerLauncher.java:69) ~[fabric-loader-0.16.3.jar:?]
	at net.fabricmc.installer.ServerLauncher.main(ServerLauncher.java:69) ~[fabric-server-launch.jar:1.0.1]
[07:42:38] [main/ERROR]: Parsing error loading recipe progression_reborn_knives:rose_knife_crafting
com.google.gson.JsonParseException: Item must not be minecraft:air; Map entry 'm' : No key tag in MapLike[{"item":"progression_reborn:rose_ingot"}]; Item must not be minecraft:air; Not a json array: {"item":"progression_reborn:rose_ingot"}; Input does not contain a key [fabric:type]: MapLike[{"item":"progression_reborn:rose_ingot"}]
	at net.minecraft.class_156.method_47526(class_156.java:1005) ~[server-intermediary.jar:?]
	at net.minecraft.class_1863.method_17720(class_1863.java:131) ~[server-intermediary.jar:?]
	at net.minecraft.class_1863.method_20705(class_1863.java:56) ~[server-intermediary.jar:?]
	at net.minecraft.class_1863.method_18788(class_1863.java:35) ~[server-intermediary.jar:?]
	at net.minecraft.class_4080.method_18790(class_4080.java:13) ~[server-intermediary.jar:?]
	at java.util.concurrent.CompletableFuture$UniAccept.tryFire(CompletableFuture.java:718) ~[?:?]
	at java.util.concurrent.CompletableFuture$Completion.run(CompletableFuture.java:482) ~[?:?]
	at net.minecraft.class_4014.method_18365(class_4014.java:69) ~[server-intermediary.jar:?]
	at net.minecraft.class_156.method_43498(class_156.java:944) ~[server-intermediary.jar:?]
	at net.minecraft.class_156.method_43499(class_156.java:932) ~[server-intermediary.jar:?]
	at net.minecraft.server.Main.main(Main.java:178) ~[server-intermediary.jar:?]
	at net.fabricmc.loader.impl.game.minecraft.MinecraftGameProvider.launch(MinecraftGameProvider.java:480) ~[fabric-loader-0.16.3.jar:?]
	at net.fabricmc.loader.impl.launch.knot.Knot.launch(Knot.java:74) ~[fabric-loader-0.16.3.jar:?]
	at net.fabricmc.loader.impl.launch.knot.KnotServer.main(KnotServer.java:23) ~[fabric-loader-0.16.3.jar:?]
	at net.fabricmc.loader.impl.launch.server.FabricServerLauncher.main(FabricServerLauncher.java:69) ~[fabric-loader-0.16.3.jar:?]
	at net.fabricmc.installer.ServerLauncher.main(ServerLauncher.java:69) ~[fabric-server-launch.jar:1.0.1]
[07:42:38] [main/ERROR]: Parsing error loading recipe crafting_plus:custom_craft/craft_grass_block
com.google.gson.JsonParseException: Map entry '/' : Not a JSON object: [{"item":"minecraft:grass"},{"item":"minecraft:moss_carpet"},{"item":"minecraft:tall_grass"}]; Not a JSON object: [{"item":"minecraft:grass"},{"item":"minecraft:moss_carpet"},{"item":"minecraft:tall_grass"}]; No key tag in MapLike[{"item":"minecraft:grass"}]; Item must not be minecraft:air; Item array cannot be empty, at least one item must be defined; Not a JSON object: [{"item":"minecraft:grass"},{"item":"minecraft:moss_carpet"},{"item":"minecraft:tall_grass"}]
	at net.minecraft.class_156.method_47526(class_156.java:1005) ~[server-intermediary.jar:?]
	at net.minecraft.class_1863.method_17720(class_1863.java:131) ~[server-intermediary.jar:?]
	at net.minecraft.class_1863.method_20705(class_1863.java:56) ~[server-intermediary.jar:?]
	at net.minecraft.class_1863.method_18788(class_1863.java:35) ~[server-intermediary.jar:?]
	at net.minecraft.class_4080.method_18790(class_4080.java:13) ~[server-intermediary.jar:?]
	at java.util.concurrent.CompletableFuture$UniAccept.tryFire(CompletableFuture.java:718) ~[?:?]
	at java.util.concurrent.CompletableFuture$Completion.run(CompletableFuture.java:482) ~[?:?]
	at net.minecraft.class_4014.method_18365(class_4014.java:69) ~[server-intermediary.jar:?]
	at net.minecraft.class_156.method_43498(class_156.java:944) ~[server-intermediary.jar:?]
	at net.minecraft.class_156.method_43499(class_156.java:932) ~[server-intermediary.jar:?]
	at net.minecraft.server.Main.main(Main.java:178) ~[server-intermediary.jar:?]
	at net.fabricmc.loader.impl.game.minecraft.MinecraftGameProvider.launch(MinecraftGameProvider.java:480) ~[fabric-loader-0.16.3.jar:?]
	at net.fabricmc.loader.impl.launch.knot.Knot.launch(Knot.java:74) ~[fabric-loader-0.16.3.jar:?]
	at net.fabricmc.loader.impl.launch.knot.KnotServer.main(KnotServer.java:23) ~[fabric-loader-0.16.3.jar:?]
	at net.fabricmc.loader.impl.launch.server.FabricServerLauncher.main(FabricServerLauncher.java:69) ~[fabric-loader-0.16.3.jar:?]
	at net.fabricmc.installer.ServerLauncher.main(ServerLauncher.java:69) ~[fabric-server-launch.jar:1.0.1]
[07:42:38] [main/ERROR]: Parsing error loading recipe progression_reborn:rose_sword
com.google.gson.JsonParseException: Item must not be minecraft:air; Map entry 'A' : No key tag in MapLike[{"item":"progression_reborn:rose_ingot"}]; Item must not be minecraft:air; Not a json array: {"item":"progression_reborn:rose_ingot"}; Input does not contain a key [fabric:type]: MapLike[{"item":"progression_reborn:rose_ingot"}]
	at net.minecraft.class_156.method_47526(class_156.java:1005) ~[server-intermediary.jar:?]
	at net.minecraft.class_1863.method_17720(class_1863.java:131) ~[server-intermediary.jar:?]
	at net.minecraft.class_1863.method_20705(class_1863.java:56) ~[server-intermediary.jar:?]
	at net.minecraft.class_1863.method_18788(class_1863.java:35) ~[server-intermediary.jar:?]
	at net.minecraft.class_4080.method_18790(class_4080.java:13) ~[server-intermediary.jar:?]
	at java.util.concurrent.CompletableFuture$UniAccept.tryFire(CompletableFuture.java:718) ~[?:?]
	at java.util.concurrent.CompletableFuture$Completion.run(CompletableFuture.java:482) ~[?:?]
	at net.minecraft.class_4014.method_18365(class_4014.java:69) ~[server-intermediary.jar:?]
	at net.minecraft.class_156.method_43498(class_156.java:944) ~[server-intermediary.jar:?]
	at net.minecraft.class_156.method_43499(class_156.java:932) ~[server-intermediary.jar:?]
	at net.minecraft.server.Main.main(Main.java:178) ~[server-intermediary.jar:?]
	at net.fabricmc.loader.impl.game.minecraft.MinecraftGameProvider.launch(MinecraftGameProvider.java:480) ~[fabric-loader-0.16.3.jar:?]
	at net.fabricmc.loader.impl.launch.knot.Knot.launch(Knot.java:74) ~[fabric-loader-0.16.3.jar:?]
	at net.fabricmc.loader.impl.launch.knot.KnotServer.main(KnotServer.java:23) ~[fabric-loader-0.16.3.jar:?]
	at net.fabricmc.loader.impl.launch.server.FabricServerLauncher.main(FabricServerLauncher.java:69) ~[fabric-loader-0.16.3.jar:?]
	at net.fabricmc.installer.ServerLauncher.main(ServerLauncher.java:69) ~[fabric-server-launch.jar:1.0.1]
[07:42:38] [main/ERROR]: Parsing error loading recipe progression_reborn:rose_chestplate
com.google.gson.JsonParseException: Item must not be minecraft:air; Map entry '0' : No key tag in MapLike[{"item":"progression_reborn:rose_ingot"}]; Item must not be minecraft:air; Not a json array: {"item":"progression_reborn:rose_ingot"}; Input does not contain a key [fabric:type]: MapLike[{"item":"progression_reborn:rose_ingot"}]
	at net.minecraft.class_156.method_47526(class_156.java:1005) ~[server-intermediary.jar:?]
	at net.minecraft.class_1863.method_17720(class_1863.java:131) ~[server-intermediary.jar:?]
	at net.minecraft.class_1863.method_20705(class_1863.java:56) ~[server-intermediary.jar:?]
	at net.minecraft.class_1863.method_18788(class_1863.java:35) ~[server-intermediary.jar:?]
	at net.minecraft.class_4080.method_18790(class_4080.java:13) ~[server-intermediary.jar:?]
	at java.util.concurrent.CompletableFuture$UniAccept.tryFire(CompletableFuture.java:718) ~[?:?]
	at java.util.concurrent.CompletableFuture$Completion.run(CompletableFuture.java:482) ~[?:?]
	at net.minecraft.class_4014.method_18365(class_4014.java:69) ~[server-intermediary.jar:?]
	at net.minecraft.class_156.method_43498(class_156.java:944) ~[server-intermediary.jar:?]
	at net.minecraft.class_156.method_43499(class_156.java:932) ~[server-intermediary.jar:?]
	at net.minecraft.server.Main.main(Main.java:178) ~[server-intermediary.jar:?]
	at net.fabricmc.loader.impl.game.minecraft.MinecraftGameProvider.launch(MinecraftGameProvider.java:480) ~[fabric-loader-0.16.3.jar:?]
	at net.fabricmc.loader.impl.launch.knot.Knot.launch(Knot.java:74) ~[fabric-loader-0.16.3.jar:?]
	at net.fabricmc.loader.impl.launch.knot.KnotServer.main(KnotServer.java:23) ~[fabric-loader-0.16.3.jar:?]
	at net.fabricmc.loader.impl.launch.server.FabricServerLauncher.main(FabricServerLauncher.java:69) ~[fabric-loader-0.16.3.jar:?]
	at net.fabricmc.installer.ServerLauncher.main(ServerLauncher.java:69) ~[fabric-server-launch.jar:1.0.1]
[07:42:38] [main/ERROR]: Parsing error loading recipe candymod:taffy_recipe2
com.google.gson.JsonParseException: No key tag in MapLike[{"item":"bakingmod:salt"}]; Item must not be minecraft:air; Not a json array: {"item":"bakingmod:salt"}; Input does not contain a key [fabric:type]: MapLike[{"item":"bakingmod:salt"}]
	at net.minecraft.class_156.method_47526(class_156.java:1005) ~[server-intermediary.jar:?]
	at net.minecraft.class_1863.method_17720(class_1863.java:131) ~[server-intermediary.jar:?]
	at net.minecraft.class_1863.method_20705(class_1863.java:56) ~[server-intermediary.jar:?]
	at net.minecraft.class_1863.method_18788(class_1863.java:35) ~[server-intermediary.jar:?]
	at net.minecraft.class_4080.method_18790(class_4080.java:13) ~[server-intermediary.jar:?]
	at java.util.concurrent.CompletableFuture$UniAccept.tryFire(CompletableFuture.java:718) ~[?:?]
	at java.util.concurrent.CompletableFuture$Completion.run(CompletableFuture.java:482) ~[?:?]
	at net.minecraft.class_4014.method_18365(class_4014.java:69) ~[server-intermediary.jar:?]
	at net.minecraft.class_156.method_43498(class_156.java:944) ~[server-intermediary.jar:?]
	at net.minecraft.class_156.method_43499(class_156.java:932) ~[server-intermediary.jar:?]
	at net.minecraft.server.Main.main(Main.java:178) ~[server-intermediary.jar:?]
	at net.fabricmc.loader.impl.game.minecraft.MinecraftGameProvider.launch(MinecraftGameProvider.java:480) ~[fabric-loader-0.16.3.jar:?]
	at net.fabricmc.loader.impl.launch.knot.Knot.launch(Knot.java:74) ~[fabric-loader-0.16.3.jar:?]
	at net.fabricmc.loader.impl.launch.knot.KnotServer.main(KnotServer.java:23) ~[fabric-loader-0.16.3.jar:?]
	at net.fabricmc.loader.impl.launch.server.FabricServerLauncher.main(FabricServerLauncher.java:69) ~[fabric-loader-0.16.3.jar:?]
	at net.fabricmc.installer.ServerLauncher.main(ServerLauncher.java:69) ~[fabric-server-launch.jar:1.0.1]
[07:42:38] [main/ERROR]: Parsing error loading recipe candymod:taffy_recipe3
com.google.gson.JsonParseException: No key tag in MapLike[{"item":"bakingmod:salt"}]; Item must not be minecraft:air; Not a json array: {"item":"bakingmod:salt"}; Input does not contain a key [fabric:type]: MapLike[{"item":"bakingmod:salt"}]
	at net.minecraft.class_156.method_47526(class_156.java:1005) ~[server-intermediary.jar:?]
	at net.minecraft.class_1863.method_17720(class_1863.java:131) ~[server-intermediary.jar:?]
	at net.minecraft.class_1863.method_20705(class_1863.java:56) ~[server-intermediary.jar:?]
	at net.minecraft.class_1863.method_18788(class_1863.java:35) ~[server-intermediary.jar:?]
	at net.minecraft.class_4080.method_18790(class_4080.java:13) ~[server-intermediary.jar:?]
	at java.util.concurrent.CompletableFuture$UniAccept.tryFire(CompletableFuture.java:718) ~[?:?]
	at java.util.concurrent.CompletableFuture$Completion.run(CompletableFuture.java:482) ~[?:?]
	at net.minecraft.class_4014.method_18365(class_4014.java:69) ~[server-intermediary.jar:?]
	at net.minecraft.class_156.method_43498(class_156.java:944) ~[server-intermediary.jar:?]
	at net.minecraft.class_156.method_43499(class_156.java:932) ~[server-intermediary.jar:?]
	at net.minecraft.server.Main.main(Main.java:178) ~[server-intermediary.jar:?]
	at net.fabricmc.loader.impl.game.minecraft.MinecraftGameProvider.launch(MinecraftGameProvider.java:480) ~[fabric-loader-0.16.3.jar:?]
	at net.fabricmc.loader.impl.launch.knot.Knot.launch(Knot.java:74) ~[fabric-loader-0.16.3.jar:?]
	at net.fabricmc.loader.impl.launch.knot.KnotServer.main(KnotServer.java:23) ~[fabric-loader-0.16.3.jar:?]
	at net.fabricmc.loader.impl.launch.server.FabricServerLauncher.main(FabricServerLauncher.java:69) ~[fabric-loader-0.16.3.jar:?]
	at net.fabricmc.installer.ServerLauncher.main(ServerLauncher.java:69) ~[fabric-server-launch.jar:1.0.1]
[07:42:38] [main/ERROR]: Parsing error loading recipe candymod:taffy_recipe4
com.google.gson.JsonParseException: No key tag in MapLike[{"item":"bakingmod:salt"}]; Item must not be minecraft:air; Not a json array: {"item":"bakingmod:salt"}; Input does not contain a key [fabric:type]: MapLike[{"item":"bakingmod:salt"}]
	at net.minecraft.class_156.method_47526(class_156.java:1005) ~[server-intermediary.jar:?]
	at net.minecraft.class_1863.method_17720(class_1863.java:131) ~[server-intermediary.jar:?]
	at net.minecraft.class_1863.method_20705(class_1863.java:56) ~[server-intermediary.jar:?]
	at net.minecraft.class_1863.method_18788(class_1863.java:35) ~[server-intermediary.jar:?]
	at net.minecraft.class_4080.method_18790(class_4080.java:13) ~[server-intermediary.jar:?]
	at java.util.concurrent.CompletableFuture$UniAccept.tryFire(CompletableFuture.java:718) ~[?:?]
	at java.util.concurrent.CompletableFuture$Completion.run(CompletableFuture.java:482) ~[?:?]
	at net.minecraft.class_4014.method_18365(class_4014.java:69) ~[server-intermediary.jar:?]
	at net.minecraft.class_156.method_43498(class_156.java:944) ~[server-intermediary.jar:?]
	at net.minecraft.class_156.method_43499(class_156.java:932) ~[server-intermediary.jar:?]
	at net.minecraft.server.Main.main(Main.java:178) ~[server-intermediary.jar:?]
	at net.fabricmc.loader.impl.game.minecraft.MinecraftGameProvider.launch(MinecraftGameProvider.java:480) ~[fabric-loader-0.16.3.jar:?]
	at net.fabricmc.loader.impl.launch.knot.Knot.launch(Knot.java:74) ~[fabric-loader-0.16.3.jar:?]
	at net.fabricmc.loader.impl.launch.knot.KnotServer.main(KnotServer.java:23) ~[fabric-loader-0.16.3.jar:?]
	at net.fabricmc.loader.impl.launch.server.FabricServerLauncher.main(FabricServerLauncher.java:69) ~[fabric-loader-0.16.3.jar:?]
	at net.fabricmc.installer.ServerLauncher.main(ServerLauncher.java:69) ~[fabric-server-launch.jar:1.0.1]
[07:42:38] [main/ERROR]: Parsing error loading recipe candymod:taffy_recipe5
com.google.gson.JsonParseException: No key tag in MapLike[{"item":"bakingmod:salt"}]; Item must not be minecraft:air; Not a json array: {"item":"bakingmod:salt"}; Input does not contain a key [fabric:type]: MapLike[{"item":"bakingmod:salt"}]
	at net.minecraft.class_156.method_47526(class_156.java:1005) ~[server-intermediary.jar:?]
	at net.minecraft.class_1863.method_17720(class_1863.java:131) ~[server-intermediary.jar:?]
	at net.minecraft.class_1863.method_20705(class_1863.java:56) ~[server-intermediary.jar:?]
	at net.minecraft.class_1863.method_18788(class_1863.java:35) ~[server-intermediary.jar:?]
	at net.minecraft.class_4080.method_18790(class_4080.java:13) ~[server-intermediary.jar:?]
	at java.util.concurrent.CompletableFuture$UniAccept.tryFire(CompletableFuture.java:718) ~[?:?]
	at java.util.concurrent.CompletableFuture$Completion.run(CompletableFuture.java:482) ~[?:?]
	at net.minecraft.class_4014.method_18365(class_4014.java:69) ~[server-intermediary.jar:?]
	at net.minecraft.class_156.method_43498(class_156.java:944) ~[server-intermediary.jar:?]
	at net.minecraft.class_156.method_43499(class_156.java:932) ~[server-intermediary.jar:?]
	at net.minecraft.server.Main.main(Main.java:178) ~[server-intermediary.jar:?]
	at net.fabricmc.loader.impl.game.minecraft.MinecraftGameProvider.launch(MinecraftGameProvider.java:480) ~[fabric-loader-0.16.3.jar:?]
	at net.fabricmc.loader.impl.launch.knot.Knot.launch(Knot.java:74) ~[fabric-loader-0.16.3.jar:?]
	at net.fabricmc.loader.impl.launch.knot.KnotServer.main(KnotServer.java:23) ~[fabric-loader-0.16.3.jar:?]
	at net.fabricmc.loader.impl.launch.server.FabricServerLauncher.main(FabricServerLauncher.java:69) ~[fabric-loader-0.16.3.jar:?]
	at net.fabricmc.installer.ServerLauncher.main(ServerLauncher.java:69) ~[fabric-server-launch.jar:1.0.1]
[07:42:38] [main/ERROR]: Parsing error loading recipe candymod:taffy_recipe6
com.google.gson.JsonParseException: No key tag in MapLike[{"item":"bakingmod:salt"}]; Item must not be minecraft:air; Not a json array: {"item":"bakingmod:salt"}; Input does not contain a key [fabric:type]: MapLike[{"item":"bakingmod:salt"}]
	at net.minecraft.class_156.method_47526(class_156.java:1005) ~[server-intermediary.jar:?]
	at net.minecraft.class_1863.method_17720(class_1863.java:131) ~[server-intermediary.jar:?]
	at net.minecraft.class_1863.method_20705(class_1863.java:56) ~[server-intermediary.jar:?]
	at net.minecraft.class_1863.method_18788(class_1863.java:35) ~[server-intermediary.jar:?]
	at net.minecraft.class_4080.method_18790(class_4080.java:13) ~[server-intermediary.jar:?]
	at java.util.concurrent.CompletableFuture$UniAccept.tryFire(CompletableFuture.java:718) ~[?:?]
	at java.util.concurrent.CompletableFuture$Completion.run(CompletableFuture.java:482) ~[?:?]
	at net.minecraft.class_4014.method_18365(class_4014.java:69) ~[server-intermediary.jar:?]
	at net.minecraft.class_156.method_43498(class_156.java:944) ~[server-intermediary.jar:?]
	at net.minecraft.class_156.method_43499(class_156.java:932) ~[server-intermediary.jar:?]
	at net.minecraft.server.Main.main(Main.java:178) ~[server-intermediary.jar:?]
	at net.fabricmc.loader.impl.game.minecraft.MinecraftGameProvider.launch(MinecraftGameProvider.java:480) ~[fabric-loader-0.16.3.jar:?]
	at net.fabricmc.loader.impl.launch.knot.Knot.launch(Knot.java:74) ~[fabric-loader-0.16.3.jar:?]
	at net.fabricmc.loader.impl.launch.knot.KnotServer.main(KnotServer.java:23) ~[fabric-loader-0.16.3.jar:?]
	at net.fabricmc.loader.impl.launch.server.FabricServerLauncher.main(FabricServerLauncher.java:69) ~[fabric-loader-0.16.3.jar:?]
	at net.fabricmc.installer.ServerLauncher.main(ServerLauncher.java:69) ~[fabric-server-launch.jar:1.0.1]
[07:42:38] [main/ERROR]: Parsing error loading recipe candymod:taffy_recipe7
com.google.gson.JsonParseException: No key tag in MapLike[{"item":"bakingmod:salt"}]; Item must not be minecraft:air; Not a json array: {"item":"bakingmod:salt"}; Input does not contain a key [fabric:type]: MapLike[{"item":"bakingmod:salt"}]
	at net.minecraft.class_156.method_47526(class_156.java:1005) ~[server-intermediary.jar:?]
	at net.minecraft.class_1863.method_17720(class_1863.java:131) ~[server-intermediary.jar:?]
	at net.minecraft.class_1863.method_20705(class_1863.java:56) ~[server-intermediary.jar:?]
	at net.minecraft.class_1863.method_18788(class_1863.java:35) ~[server-intermediary.jar:?]
	at net.minecraft.class_4080.method_18790(class_4080.java:13) ~[server-intermediary.jar:?]
	at java.util.concurrent.CompletableFuture$UniAccept.tryFire(CompletableFuture.java:718) ~[?:?]
	at java.util.concurrent.CompletableFuture$Completion.run(CompletableFuture.java:482) ~[?:?]
	at net.minecraft.class_4014.method_18365(class_4014.java:69) ~[server-intermediary.jar:?]
	at net.minecraft.class_156.method_43498(class_156.java:944) ~[server-intermediary.jar:?]
	at net.minecraft.class_156.method_43499(class_156.java:932) ~[server-intermediary.jar:?]
	at net.minecraft.server.Main.main(Main.java:178) ~[server-intermediary.jar:?]
	at net.fabricmc.loader.impl.game.minecraft.MinecraftGameProvider.launch(MinecraftGameProvider.java:480) ~[fabric-loader-0.16.3.jar:?]
	at net.fabricmc.loader.impl.launch.knot.Knot.launch(Knot.java:74) ~[fabric-loader-0.16.3.jar:?]
	at net.fabricmc.loader.impl.launch.knot.KnotServer.main(KnotServer.java:23) ~[fabric-loader-0.16.3.jar:?]
	at net.fabricmc.loader.impl.launch.server.FabricServerLauncher.main(FabricServerLauncher.java:69) ~[fabric-loader-0.16.3.jar:?]
	at net.fabricmc.installer.ServerLauncher.main(ServerLauncher.java:69) ~[fabric-server-launch.jar:1.0.1]
[07:42:38] [main/ERROR]: Parsing error loading recipe progression_reborn:rose_axe
com.google.gson.JsonParseException: Item must not be minecraft:air; Map entry 'A' : No key tag in MapLike[{"item":"progression_reborn:rose_ingot"}]; Item must not be minecraft:air; Not a json array: {"item":"progression_reborn:rose_ingot"}; Input does not contain a key [fabric:type]: MapLike[{"item":"progression_reborn:rose_ingot"}]
	at net.minecraft.class_156.method_47526(class_156.java:1005) ~[server-intermediary.jar:?]
	at net.minecraft.class_1863.method_17720(class_1863.java:131) ~[server-intermediary.jar:?]
	at net.minecraft.class_1863.method_20705(class_1863.java:56) ~[server-intermediary.jar:?]
	at net.minecraft.class_1863.method_18788(class_1863.java:35) ~[server-intermediary.jar:?]
	at net.minecraft.class_4080.method_18790(class_4080.java:13) ~[server-intermediary.jar:?]
	at java.util.concurrent.CompletableFuture$UniAccept.tryFire(CompletableFuture.java:718) ~[?:?]
	at java.util.concurrent.CompletableFuture$Completion.run(CompletableFuture.java:482) ~[?:?]
	at net.minecraft.class_4014.method_18365(class_4014.java:69) ~[server-intermediary.jar:?]
	at net.minecraft.class_156.method_43498(class_156.java:944) ~[server-intermediary.jar:?]
	at net.minecraft.class_156.method_43499(class_156.java:932) ~[server-intermediary.jar:?]
	at net.minecraft.server.Main.main(Main.java:178) ~[server-intermediary.jar:?]
	at net.fabricmc.loader.impl.game.minecraft.MinecraftGameProvider.launch(MinecraftGameProvider.java:480) ~[fabric-loader-0.16.3.jar:?]
	at net.fabricmc.loader.impl.launch.knot.Knot.launch(Knot.java:74) ~[fabric-loader-0.16.3.jar:?]
	at net.fabricmc.loader.impl.launch.knot.KnotServer.main(KnotServer.java:23) ~[fabric-loader-0.16.3.jar:?]
	at net.fabricmc.loader.impl.launch.server.FabricServerLauncher.main(FabricServerLauncher.java:69) ~[fabric-loader-0.16.3.jar:?]
	at net.fabricmc.installer.ServerLauncher.main(ServerLauncher.java:69) ~[fabric-server-launch.jar:1.0.1]
[07:42:38] [main/ERROR]: Parsing error loading recipe progression_reborn:rose_shovel
com.google.gson.JsonParseException: Item must not be minecraft:air; No key tag in MapLike[{"item":"progression_reborn:rose_ingot"}]; Item must not be minecraft:air; Not a json array: {"item":"progression_reborn:rose_ingot"}; Input does not contain a key [fabric:type]: MapLike[{"item":"progression_reborn:rose_ingot"}]; No key tag in MapLike[{"item":"progression_reborn:rose_upgrade_smithing_template"}]; Item must not be minecraft:air; Not a json array: {"item":"progression_reborn:rose_upgrade_smithing_template"}; Input does not contain a key [fabric:type]: MapLike[{"item":"progression_reborn:rose_upgrade_smithing_template"}]
	at net.minecraft.class_156.method_47526(class_156.java:1005) ~[server-intermediary.jar:?]
	at net.minecraft.class_1863.method_17720(class_1863.java:131) ~[server-intermediary.jar:?]
	at net.minecraft.class_1863.method_20705(class_1863.java:56) ~[server-intermediary.jar:?]
	at net.minecraft.class_1863.method_18788(class_1863.java:35) ~[server-intermediary.jar:?]
	at net.minecraft.class_4080.method_18790(class_4080.java:13) ~[server-intermediary.jar:?]
	at java.util.concurrent.CompletableFuture$UniAccept.tryFire(CompletableFuture.java:718) ~[?:?]
	at java.util.concurrent.CompletableFuture$Completion.run(CompletableFuture.java:482) ~[?:?]
	at net.minecraft.class_4014.method_18365(class_4014.java:69) ~[server-intermediary.jar:?]
	at net.minecraft.class_156.method_43498(class_156.java:944) ~[server-intermediary.jar:?]
	at net.minecraft.class_156.method_43499(class_156.java:932) ~[server-intermediary.jar:?]
	at net.minecraft.server.Main.main(Main.java:178) ~[server-intermediary.jar:?]
	at net.fabricmc.loader.impl.game.minecraft.MinecraftGameProvider.launch(MinecraftGameProvider.java:480) ~[fabric-loader-0.16.3.jar:?]
	at net.fabricmc.loader.impl.launch.knot.Knot.launch(Knot.java:74) ~[fabric-loader-0.16.3.jar:?]
	at net.fabricmc.loader.impl.launch.knot.KnotServer.main(KnotServer.java:23) ~[fabric-loader-0.16.3.jar:?]
	at net.fabricmc.loader.impl.launch.server.FabricServerLauncher.main(FabricServerLauncher.java:69) ~[fabric-loader-0.16.3.jar:?]
	at net.fabricmc.installer.ServerLauncher.main(ServerLauncher.java:69) ~[fabric-server-launch.jar:1.0.1]
[07:42:38] [main/ERROR]: Parsing error loading recipe progression_reborn_knives:netherite_knife_crafting
com.google.gson.JsonParseException: Item must not be minecraft:air
	at net.minecraft.class_156.method_47526(class_156.java:1005) ~[server-intermediary.jar:?]
	at net.minecraft.class_1863.method_17720(class_1863.java:131) ~[server-intermediary.jar:?]
	at net.minecraft.class_1863.method_20705(class_1863.java:56) ~[server-intermediary.jar:?]
	at net.minecraft.class_1863.method_18788(class_1863.java:35) ~[server-intermediary.jar:?]
	at net.minecraft.class_4080.method_18790(class_4080.java:13) ~[server-intermediary.jar:?]
	at java.util.concurrent.CompletableFuture$UniAccept.tryFire(CompletableFuture.java:718) ~[?:?]
	at java.util.concurrent.CompletableFuture$Completion.run(CompletableFuture.java:482) ~[?:?]
	at net.minecraft.class_4014.method_18365(class_4014.java:69) ~[server-intermediary.jar:?]
	at net.minecraft.class_156.method_43498(class_156.java:944) ~[server-intermediary.jar:?]
	at net.minecraft.class_156.method_43499(class_156.java:932) ~[server-intermediary.jar:?]
	at net.minecraft.server.Main.main(Main.java:178) ~[server-intermediary.jar:?]
	at net.fabricmc.loader.impl.game.minecraft.MinecraftGameProvider.launch(MinecraftGameProvider.java:480) ~[fabric-loader-0.16.3.jar:?]
	at net.fabricmc.loader.impl.launch.knot.Knot.launch(Knot.java:74) ~[fabric-loader-0.16.3.jar:?]
	at net.fabricmc.loader.impl.launch.knot.KnotServer.main(KnotServer.java:23) ~[fabric-loader-0.16.3.jar:?]
	at net.fabricmc.loader.impl.launch.server.FabricServerLauncher.main(FabricServerLauncher.java:69) ~[fabric-loader-0.16.3.jar:?]
	at net.fabricmc.installer.ServerLauncher.main(ServerLauncher.java:69) ~[fabric-server-launch.jar:1.0.1]
[07:42:38] [main/INFO]: Loaded 10 recipes
[07:42:38] [main/ERROR]: Parsing error loading custom advancement progression_reborn:rose_gear: Unknown registry key in ResourceKey[minecraft:root / minecraft:item]: progression_reborn:rose_ingot missed input: {"has_rose_ingot":{"trigger":"minecraft:inventory_changed","conditions":{"items":[{"items":["progression_reborn:rose_ingot"]}]}}}
[07:42:38] [main/ERROR]: Parsing error loading custom advancement progression_reborn_knives:rose_knife_crafting: Unknown registry key in ResourceKey[minecraft:root / minecraft:item]: progression_reborn:rose_ingot missed input: {"has_rose_ingot":{"trigger":"minecraft:inventory_changed","conditions":{"items":[{"items":["progression_reborn:rose_ingot"]}]}}}
[07:42:38] [main/INFO]: Loaded 1722 advancements
[07:42:38] [main/INFO]: Finished loading powers from data files. Registry contains 111 powers.
[07:42:38] [main/INFO]: Finished loading global power sets. Merging similar global power sets...
[07:42:38] [main/INFO]: Finished merging similar global power sets from data files. Loaded 0 global power sets.
[07:42:38] [main/WARN]: Overriding origin "origins:merling" (with prev. loading priority of 0) with a higher loading priority of 1 from data pack [mermod]!
[07:42:38] [main/INFO]: Finished loading origins from data files. Registry contains 12 origins.
[07:42:38] [main/INFO]: Loading origin layer from data files...
[07:42:38] [main/INFO]: Trying to read origin layer file "origins:origin" from data pack [mr_fairy_origin]
[07:42:38] [main/INFO]: Trying to read origin layer file "origins:origin" from data pack [origins]
[07:42:38] [main/INFO]: Finished loading origin layers. Merging similar origin layers...
[07:42:38] [main/INFO]: Finished merging similar origin layers from data files. Read 1 origin layers.
[07:42:38] [main/WARN]: Not all defined tags for registry ResourceKey[minecraft:root / minecraft:block] are present in data pack: hostilemobs:empties
[07:42:39] [main/INFO]: Applied 469 biome modifications to 240 of 253 new biomes in 49.24 ms
[07:42:39] [Server thread/INFO]: Loading server configs...
[07:42:39] [Server thread/INFO]: [puffish_skills] Configuration loaded successfully!
[07:42:39] [Server thread/INFO]: [puffish_skills] Data pack `puffish_skills` loaded successfully!
[07:42:39] [Server thread/INFO]: Starting minecraft server version 1.20.4
[07:42:39] [Server thread/INFO]: Loading properties
[07:42:39] [Server thread/INFO]: Default game type: SURVIVAL
[07:42:39] [Server thread/INFO]: Generating keypair
[07:42:39] [Server thread/INFO]: Starting Minecraft server on *:25565
[07:42:39] [Server thread/INFO]: Using epoll channel type
[07:42:39] [Server thread/WARN]: **** SERVER IS RUNNING IN OFFLINE/INSECURE MODE!
[07:42:39] [Server thread/WARN]: The server will make no attempt to authenticate usernames. Beware.
[07:42:39] [Server thread/WARN]: While this makes the game possible to play without internet access, it also opens up the ability for hackers to connect with any username they choose.
[07:42:39] [Server thread/WARN]: To change this, set "online-mode" to "true" in the server.properties file.
[07:42:39] [Server thread/INFO]: Preparing level "world"
[07:42:39] [Server thread/INFO]: Enforcing safe world random access
[07:42:43] [Worker-Main-3/INFO]: Instantiating Mojang DFU
[07:42:57] [Server thread/INFO]: Preparing start region for dimension minecraft:overworld
[07:42:57] [Worker-Main-1/INFO]: Preparing spawn area: 0%
[07:42:57] [Worker-Main-1/INFO]: Preparing spawn area: 0%
[07:42:58] [Worker-Main-1/INFO]: Preparing spawn area: 0%
[07:42:58] [Worker-Main-2/INFO]: Preparing spawn area: 0%
[07:42:59] [Worker-Main-1/INFO]: Preparing spawn area: 0%
[07:42:59] [Worker-Main-2/INFO]: Preparing spawn area: 0%
[07:43:00] [Worker-Main-2/INFO]: Preparing spawn area: 0%
[07:43:00] [Worker-Main-2/INFO]: Preparing spawn area: 0%
[07:43:01] [Worker-Main-3/INFO]: Preparing spawn area: 1%
[07:43:01] [Worker-Main-1/INFO]: Preparing spawn area: 1%
[07:43:02] [Worker-Main-1/INFO]: Preparing spawn area: 1%
[07:43:02] [Worker-Main-3/INFO]: Preparing spawn area: 2%
[07:43:03] [Worker-Main-3/INFO]: Preparing spawn area: 3%
[07:43:03] [Worker-Main-3/INFO]: Preparing spawn area: 3%
[07:43:04] [Worker-Main-2/INFO]: Preparing spawn area: 3%
[07:43:04] [Worker-Main-1/INFO]: Preparing spawn area: 4%
[07:43:05] [Worker-Main-2/INFO]: Preparing spawn area: 5%
[07:43:05] [Worker-Main-2/INFO]: Preparing spawn area: 6%
[07:43:06] [Worker-Main-2/INFO]: Preparing spawn area: 7%
[07:43:06] [Worker-Main-2/INFO]: Preparing spawn area: 8%
[07:43:07] [Worker-Main-1/INFO]: Preparing spawn area: 9%
[07:43:07] [Worker-Main-2/INFO]: Preparing spawn area: 9%
[07:43:08] [Worker-Main-1/INFO]: Preparing spawn area: 10%
[07:43:08] [Worker-Main-3/INFO]: Preparing spawn area: 11%
[07:43:09] [Worker-Main-2/INFO]: Preparing spawn area: 12%
[07:43:09] [Worker-Main-3/INFO]: Preparing spawn area: 13%
[07:43:10] [Worker-Main-1/INFO]: Preparing spawn area: 15%
[07:43:10] [Worker-Main-3/INFO]: Preparing spawn area: 15%
[07:43:11] [Worker-Main-1/INFO]: Preparing spawn area: 16%
[07:43:11] [Worker-Main-2/INFO]: Preparing spawn area: 18%
[07:43:12] [Worker-Main-2/INFO]: Preparing spawn area: 18%
[07:43:12] [Worker-Main-2/INFO]: Preparing spawn area: 19%
[07:43:13] [Worker-Main-3/INFO]: Preparing spawn area: 19%
[07:43:13] [Worker-Main-1/INFO]: Preparing spawn area: 21%
[07:43:14] [Worker-Main-3/INFO]: Preparing spawn area: 22%
[07:43:14] [Worker-Main-2/INFO]: Preparing spawn area: 22%
[07:43:15] [Worker-Main-1/INFO]: Preparing spawn area: 23%
[07:43:15] [Worker-Main-2/INFO]: Preparing spawn area: 23%
[07:43:16] [Worker-Main-3/INFO]: Preparing spawn area: 24%
[07:43:16] [Worker-Main-3/INFO]: Preparing spawn area: 26%
[07:43:17] [Worker-Main-2/INFO]: Preparing spawn area: 28%
[07:43:17] [Worker-Main-1/INFO]: Preparing spawn area: 30%
[07:43:18] [Worker-Main-3/INFO]: Preparing spawn area: 31%
[07:43:18] [Worker-Main-3/INFO]: Preparing spawn area: 31%
[07:43:19] [Worker-Main-1/INFO]: Preparing spawn area: 31%
[07:43:19] [Worker-Main-3/INFO]: Preparing spawn area: 34%
[07:43:20] [Worker-Main-2/INFO]: Preparing spawn area: 36%
[07:43:20] [Worker-Main-3/INFO]: Preparing spawn area: 36%
[07:43:21] [Worker-Main-1/INFO]: Preparing spawn area: 37%
[07:43:21] [Worker-Main-2/INFO]: Preparing spawn area: 39%
[07:43:21] [Worker-Main-2/ERROR]: Hanging entity at invalid position: class_2338{x=-320, y=-45, z=-203}
[07:43:22] [Worker-Main-2/ERROR]: Hanging entity at invalid position: class_2338{x=-318, y=-45, z=-204}
[07:43:22] [Worker-Main-2/ERROR]: Hanging entity at invalid position: class_2338{x=-318, y=-45, z=-202}
[07:43:22] [Worker-Main-2/INFO]: Preparing spawn area: 40%
[07:43:22] [Worker-Main-1/INFO]: Preparing spawn area: 42%
[07:43:23] [Worker-Main-2/INFO]: Preparing spawn area: 42%
[07:43:23] [Worker-Main-1/INFO]: Preparing spawn area: 42%
[07:43:24] [Worker-Main-3/INFO]: Preparing spawn area: 44%
[07:43:24] [Worker-Main-3/INFO]: Preparing spawn area: 46%
[07:43:25] [Worker-Main-1/INFO]: Preparing spawn area: 46%
[07:43:25] [Worker-Main-2/INFO]: Preparing spawn area: 48%
[07:43:26] [Worker-Main-3/INFO]: Preparing spawn area: 48%
[07:43:26] [Worker-Main-2/INFO]: Preparing spawn area: 50%
[07:43:27] [Worker-Main-1/INFO]: Preparing spawn area: 52%
[07:43:27] [Worker-Main-2/INFO]: Preparing spawn area: 54%
[07:43:28] [Worker-Main-2/INFO]: Preparing spawn area: 54%
[07:43:28] [Worker-Main-3/INFO]: Preparing spawn area: 55%
[07:43:29] [Worker-Main-2/INFO]: Preparing spawn area: 57%
[07:43:29] [Worker-Main-3/INFO]: Preparing spawn area: 58%
[07:43:30] [Worker-Main-3/INFO]: Preparing spawn area: 59%
[07:43:30] [Worker-Main-3/INFO]: Preparing spawn area: 61%
[07:43:31] [Worker-Main-1/INFO]: Preparing spawn area: 61%
[07:43:31] [Worker-Main-3/INFO]: Preparing spawn area: 63%
[07:43:32] [Worker-Main-3/INFO]: Preparing spawn area: 65%
[07:43:32] [Worker-Main-2/INFO]: Preparing spawn area: 66%
[07:43:33] [Worker-Main-2/INFO]: Preparing spawn area: 67%
[07:43:33] [Worker-Main-1/INFO]: Preparing spawn area: 68%
[07:43:34] [Worker-Main-2/INFO]: Preparing spawn area: 68%
[07:43:34] [Worker-Main-3/INFO]: Preparing spawn area: 68%
[07:43:35] [Worker-Main-2/INFO]: Preparing spawn area: 70%
[07:43:35] [Worker-Main-3/INFO]: Preparing spawn area: 71%
[07:43:36] [Worker-Main-2/INFO]: Preparing spawn area: 72%
[07:43:36] [Worker-Main-2/INFO]: Preparing spawn area: 75%
[07:43:37] [Worker-Main-1/INFO]: Preparing spawn area: 76%
[07:43:37] [Worker-Main-2/INFO]: Preparing spawn area: 78%
[07:43:38] [Worker-Main-3/INFO]: Preparing spawn area: 78%
[07:43:38] [Worker-Main-1/INFO]: Preparing spawn area: 80%
[07:43:39] [Worker-Main-3/INFO]: Preparing spawn area: 81%
[07:43:39] [Worker-Main-2/INFO]: Preparing spawn area: 82%
[07:43:40] [Worker-Main-2/INFO]: Preparing spawn area: 83%
[07:43:40] [Worker-Main-2/INFO]: Preparing spawn area: 83%
[07:43:41] [Worker-Main-1/INFO]: Preparing spawn area: 84%
[07:43:41] [Worker-Main-3/INFO]: Preparing spawn area: 85%
[07:43:42] [Worker-Main-3/INFO]: Preparing spawn area: 86%
[07:43:42] [Worker-Main-3/INFO]: Preparing spawn area: 86%
[07:43:43] [Worker-Main-3/INFO]: Preparing spawn area: 88%
[07:43:43] [Worker-Main-3/INFO]: Preparing spawn area: 89%
[07:43:44] [Worker-Main-1/INFO]: Preparing spawn area: 91%
[07:43:44] [Worker-Main-3/INFO]: Preparing spawn area: 92%
[07:43:45] [Worker-Main-3/INFO]: Preparing spawn area: 94%
[07:43:45] [Worker-Main-2/INFO]: Preparing spawn area: 95%
[07:43:46] [Worker-Main-2/INFO]: Preparing spawn area: 97%
[07:43:46] [Worker-Main-3/INFO]: Preparing spawn area: 98%
[07:43:46] [Server thread/INFO]: Time elapsed: 49685 ms
[07:43:46] [Server thread/INFO]: Done (67.074s)! For help, type "help"
[07:43:46] [Server thread/WARN]: Dedicated server took 84.391 seconds to load
[07:43:46] [Server thread/INFO]: [STDOUT]: PREPARING FOR RELOAD
[07:43:46] [Server thread/INFO]: Loaded values for 31 compatible attributes.
[07:43:46] [Server thread/INFO]: Loaded 31 values from config.
[07:43:46] [Server thread/INFO]: Saving config file. 31 entries.
[07:43:46] [Server thread/INFO]: Applying changes for 31 attributes.
[07:44:17] [Server thread/INFO]: Amalgam5006X[/100.96.242.93:59544] logged in with entity id 121 at (7.5, 68.0, 1.5)
[07:44:17] [Server thread/INFO]: Amalgam5006X joined the game
[07:44:25] [Server thread/INFO]: Player Amalgam5006X chose origin "fairy:fairy" for layer "origins:origin"
[07:45:13] [Server thread/INFO]: [Amalgam5006X: Set own game mode to Creative Mode]
[07:45:21] [Server thread/INFO]: Locating element minecraft:village_taiga took 20 ms
[07:45:24] [Server thread/INFO]: [Amalgam5006X: Teleported Amalgam5006X to 384.500000, 75.116501, 48.500000]
[07:45:27] [Server thread/WARN]: Can't keep up! Is the server overloaded? Running 3021ms or 60 ticks behind
[07:45:30] [Server thread/INFO]: Locating element #minecraft:village (minecraft:village_taiga) took 0 ms
[07:46:45] [Server thread/INFO]: Locating element wythers:eucalyptus_jungle_canyon took 2232 ms
[07:46:45] [Server thread/WARN]: Can't keep up! Is the server overloaded? Running 2194ms or 43 ticks behind
[07:46:45] [Server thread/WARN]: Amalgam5006X moved too quickly! 0.0,10.312500617038765,0.0
[07:46:48] [Server thread/INFO]: [Amalgam5006X: Teleported Amalgam5006X to 1237.500000, 66.000000, 3226.500000]
[07:46:52] [Worker-Main-2/WARN]: Empty height range: [-55 absolute--60 absolute]
[07:46:52] [Worker-Main-2/WARN]: Empty height range: [-55 absolute--60 absolute]
[07:46:52] [Worker-Main-2/WARN]: Empty height range: [-55 absolute--60 absolute]
[07:47:54] [Server thread/INFO]: Amalgam5006X has made the advancement [Lost Idols]
[07:47:57] [Worker-Main-2/WARN]: Empty or non-existent pool: kaisyn:village/beach_lighthouse/villager_lighthouse_master
[07:48:37] [Server thread/INFO]: Locating element wythers:autumnal_flower_forest took 1607 ms
[07:48:40] [Server thread/INFO]: [Amalgam5006X: Teleported Amalgam5006X to -1742.500000, 127.000000, 3518.500000]
[07:48:45] [Server thread/WARN]: Can't keep up! Is the server overloaded? Running 4463ms or 89 ticks behind
[07:48:59] [Worker-Main-3/WARN]: Ignoring unknown attribute 'forge:entity_gravity'
[07:48:59] [Worker-Main-3/WARN]: Ignoring unknown attribute 'forge:entity_gravity'
[07:48:59] [Worker-Main-1/WARN]: Ignoring unknown attribute 'forge:entity_gravity'
[07:49:00] [Worker-Main-3/WARN]: Ignoring unknown attribute 'forge:entity_gravity'
[07:49:00] [Worker-Main-3/WARN]: Ignoring unknown attribute 'forge:entity_gravity'
[07:49:00] [Worker-Main-3/WARN]: Ignoring unknown attribute 'forge:entity_gravity'
[07:49:00] [Worker-Main-3/WARN]: Ignoring unknown attribute 'forge:entity_gravity'
[07:49:00] [Worker-Main-3/WARN]: Ignoring unknown attribute 'forge:entity_gravity'
[07:49:00] [Worker-Main-3/WARN]: Ignoring unknown attribute 'forge:entity_gravity'
[07:49:00] [Worker-Main-3/WARN]: Ignoring unknown attribute 'forge:entity_gravity'
[07:49:00] [Worker-Main-3/WARN]: Ignoring unknown attribute 'forge:entity_gravity'
[07:49:00] [Worker-Main-3/WARN]: Ignoring unknown attribute 'forge:entity_gravity'
[07:49:00] [Worker-Main-3/WARN]: Ignoring unknown attribute 'forge:entity_gravity'
[07:49:00] [Worker-Main-3/WARN]: Ignoring unknown attribute 'forge:entity_gravity'
[07:49:00] [Worker-Main-2/WARN]: Ignoring unknown attribute 'forge:entity_gravity'
[07:49:00] [Worker-Main-3/WARN]: Ignoring unknown attribute 'forge:entity_gravity'
[07:49:02] [Worker-Main-3/WARN]: Ignoring unknown attribute 'forge:entity_gravity'
[07:49:03] [Worker-Main-2/WARN]: Ignoring unknown attribute 'forge:entity_gravity'
[07:49:05] [Worker-Main-1/WARN]: Ignoring unknown attribute 'forge:entity_gravity'
[07:49:05] [Worker-Main-1/WARN]: Ignoring unknown attribute 'forge:entity_gravity'
[07:49:06] [Worker-Main-1/WARN]: Ignoring unknown attribute 'forge:entity_gravity'
[07:49:06] [Worker-Main-3/WARN]: Ignoring unknown attribute 'forge:entity_gravity'
[07:49:13] [Worker-Main-1/WARN]: Ignoring unknown attribute 'forge:entity_gravity'
[07:49:13] [Worker-Main-1/WARN]: Ignoring unknown attribute 'forge:entity_gravity'
[07:50:30] [Server thread/INFO]: Locating element wythers:sakura_forest took 362 ms
[07:50:32] [Server thread/INFO]: [Amalgam5006X: Teleported Amalgam5006X to -660.500000, 137.000000, 4616.500000]
[07:50:35] [Server thread/WARN]: Can't keep up! Is the server overloaded? Running 2065ms or 41 ticks behind
